TN:
SF:ApiApp.js
FN:16,(anonymous_0)
FN:43,(anonymous_1)
FNF:2
FNH:1
FNDA:0,(anonymous_0)
FNDA:3,(anonymous_1)
DA:1,1
DA:2,1
DA:3,1
DA:5,1
DA:7,1
DA:8,1
DA:9,1
DA:12,1
DA:13,1
DA:16,1
DA:17,0
DA:19,0
DA:20,0
DA:23,0
DA:24,0
DA:35,0
DA:37,0
DA:38,0
DA:43,1
DA:44,3
DA:46,3
DA:47,1
DA:50,2
DA:51,2
DA:65,1
DA:67,1
DA:68,1
DA:72,1
DA:74,1
LF:29
LH:21
BRDA:19,0,0,0
BRDA:19,0,1,0
BRDA:46,1,0,1
BRDA:46,1,1,2
BRF:4
BRH:2
end_of_record
TN:
SF:db.js
FN:6,(anonymous_0)
FNF:1
FNH:1
FNDA:2,(anonymous_0)
DA:1,1
DA:2,1
DA:6,1
DA:7,2
DA:8,2
DA:12,1
DA:14,1
DA:18,1
LF:8
LH:8
BRF:0
BRH:0
end_of_record
