<?xml version="1.0" encoding="UTF-8"?>
<coverage generated="1731438614999" clover="3.2.0">
  <project timestamp="1731438614999" name="All files">
    <metrics statements="19" coveredstatements="11" conditionals="8" coveredconditionals="2" methods="3" coveredmethods="2" elements="30" coveredelements="15" complexity="0" loc="19" ncloc="19" packages="1" files="2" classes="2"/>
    <file name="activityLevel.js" path="C:\Users\Simra\Documents\GitHub\group-project\activityLevel.js">
      <metrics statements="13" coveredstatements="5" conditionals="6" coveredconditionals="0" methods="1" coveredmethods="0"/>
      <line num="1" count="1" type="stmt"/>
      <line num="2" count="1" type="stmt"/>
      <line num="3" count="1" type="stmt"/>
      <line num="4" count="1" type="stmt"/>
      <line num="8" count="0" type="cond" truecount="0" falsecount="2"/>
      <line num="9" count="0" type="stmt"/>
      <line num="10" count="0" type="cond" truecount="0" falsecount="2"/>
      <line num="11" count="0" type="stmt"/>
      <line num="12" count="0" type="cond" truecount="0" falsecount="2"/>
      <line num="13" count="0" type="stmt"/>
      <line num="15" count="0" type="stmt"/>
      <line num="17" count="0" type="stmt"/>
      <line num="20" count="1" type="stmt"/>
    </file>
    <file name="calculateCalories.js" path="C:\Users\Simra\Documents\GitHub\group-project\calculateCalories.js">
      <metrics statements="6" coveredstatements="6" conditionals="2" coveredconditionals="2" methods="2" coveredmethods="2"/>
      <line num="1" count="1" type="stmt"/>
      <line num="4" count="2" type="cond" truecount="2" falsecount="0"/>
      <line num="5" count="1" type="stmt"/>
      <line num="7" count="1" type="stmt"/>
      <line num="12" count="2" type="stmt"/>
      <line num="15" count="1" type="stmt"/>
    </file>
  </project>
</coverage>
