TN:
SF:activityLevel.js
FN:6,activityLevel
FNF:1
FNH:0
FNDA:0,activityLevel
DA:1,1
DA:2,1
DA:3,1
DA:4,1
DA:8,0
DA:9,0
DA:10,0
DA:11,0
DA:12,0
DA:13,0
DA:15,0
DA:17,0
DA:20,1
LF:13
LH:5
BRDA:8,0,0,0
BRDA:8,0,1,0
BRDA:10,1,0,0
BRDA:10,1,1,0
BRDA:12,2,0,0
BRDA:12,2,1,0
BRF:6
BRH:0
end_of_record
TN:
SF:calculateCalories.js
FN:3,calculateBMR
FN:11,calculateTDEE
FNF:2
FNH:2
FNDA:2,calculateBMR
FNDA:2,calculateTDEE
DA:1,1
DA:4,2
DA:5,1
DA:7,1
DA:12,2
DA:15,1
LF:6
LH:6
BRDA:4,0,0,1
BRDA:4,0,1,1
BRF:2
BRH:2
end_of_record
